<?xml version="1.0" encoding="UTF-8"?>
<!-- Generated by org.testng.reporters.JUnitXMLReporter -->
<testsuite hostname="ajay-PC" ignored="27" name="SeleniumTest" tests="5" failures="1" timestamp="13 Feb 2019 01:24:48 GMT" time="45.016" errors="0">
  <testcase name="wikiPedia_TestCase_03" time="29.219" classname="com.careerit.selenium.testngpack.Selenium_TestNG_Groups1">
    <failure type="java.lang.Exception" message="no such element: Unable to locate element: {&amp;quot;method&amp;quot;:&amp;quot;xpath&amp;quot;,&amp;quot;selector&amp;quot;:&amp;quot;//button[@class=&amp;apos;pure-button pure-button-primary-progressive-ajay&amp;apos;]&amp;quot;}
  (Session info: chrome=72.0.3626.96)
  (Driver info: chromedriver=2.45.615291 (ec3682e3c9061c10f26ea9e5cdcf3c53f3f74387),platform=Windows NT 6.1.7600 x86_64) (WARNING: The server did not provide any stacktrace information)
Command duration or timeout: 0 milliseconds
For documentation on this error, please visit: https://www.seleniumhq.org/exceptions/no_such_element.html
Build info: version: &amp;apos;3.141.59&amp;apos;, revision: &amp;apos;e82be7d358&amp;apos;, time: &amp;apos;2018-11-14T08:25:53&amp;apos;
System info: host: &amp;apos;AJAY-PC&amp;apos;, ip: &amp;apos;192.168.31.180&amp;apos;, os.name: &amp;apos;Windows 7&amp;apos;, os.arch: &amp;apos;amd64&amp;apos;, os.version: &amp;apos;6.1&amp;apos;, java.version: &amp;apos;1.8.0_131&amp;apos;
Driver info: org.openqa.selenium.chrome.ChromeDriver
Capabilities {acceptInsecureCerts: false, acceptSslCerts: false, applicationCacheEnabled: false, browserConnectionEnabled: false, browserName: chrome, chrome: {chromedriverVersion: 2.45.615291 (ec3682e3c9061c..., userDataDir: C:\Users\ajay\AppData\Local...}, cssSelectorsEnabled: true, databaseEnabled: false, goog:chromeOptions: {debuggerAddress: localhost:50424}, handlesAlerts: true, hasTouchScreen: false, javascriptEnabled: true, locationContextEnabled: true, mobileEmulationEnabled: false, nativeEvents: true, networkConnectionEnabled: false, pageLoadStrategy: normal, platform: XP, platformName: XP, proxy: Proxy(), rotatable: false, setWindowRect: true, strictFileInteractability: false, takesHeapSnapshot: true, takesScreenshot: true, timeouts: {implicit: 0, pageLoad: 300000, script: 30000}, unexpectedAlertBehaviour: ignore, unhandledPromptBehavior: ignore, version: 72.0.3626.96, webStorageEnabled: true}
Session ID: c905e315e150caa9881d83e37f62579c
*** Element info: {Using=xpath, value=//button[@class=&amp;apos;pure-button pure-button-primary-progressive-ajay&amp;apos;]}">
      <![CDATA[java.lang.Exception: no such element: Unable to locate element: {"method":"xpath","selector":"//button[@class='pure-button pure-button-primary-progressive-ajay']"}
  (Session info: chrome=72.0.3626.96)
  (Driver info: chromedriver=2.45.615291 (ec3682e3c9061c10f26ea9e5cdcf3c53f3f74387),platform=Windows NT 6.1.7600 x86_64) (WARNING: The server did not provide any stacktrace information)
Command duration or timeout: 0 milliseconds
For documentation on this error, please visit: https://www.seleniumhq.org/exceptions/no_such_element.html
Build info: version: '3.141.59', revision: 'e82be7d358', time: '2018-11-14T08:25:53'
System info: host: 'AJAY-PC', ip: '192.168.31.180', os.name: 'Windows 7', os.arch: 'amd64', os.version: '6.1', java.version: '1.8.0_131'
Driver info: org.openqa.selenium.chrome.ChromeDriver
Capabilities {acceptInsecureCerts: false, acceptSslCerts: false, applicationCacheEnabled: false, browserConnectionEnabled: false, browserName: chrome, chrome: {chromedriverVersion: 2.45.615291 (ec3682e3c9061c..., userDataDir: C:\Users\ajay\AppData\Local...}, cssSelectorsEnabled: true, databaseEnabled: false, goog:chromeOptions: {debuggerAddress: localhost:50424}, handlesAlerts: true, hasTouchScreen: false, javascriptEnabled: true, locationContextEnabled: true, mobileEmulationEnabled: false, nativeEvents: true, networkConnectionEnabled: false, pageLoadStrategy: normal, platform: XP, platformName: XP, proxy: Proxy(), rotatable: false, setWindowRect: true, strictFileInteractability: false, takesHeapSnapshot: true, takesScreenshot: true, timeouts: {implicit: 0, pageLoad: 300000, script: 30000}, unexpectedAlertBehaviour: ignore, unhandledPromptBehavior: ignore, version: 72.0.3626.96, webStorageEnabled: true}
Session ID: c905e315e150caa9881d83e37f62579c
*** Element info: {Using=xpath, value=//button[@class='pure-button pure-button-primary-progressive-ajay']}
	at com.careerit.selenium.testngpack.Selenium_TestNG_Groups1.wikiPedia_TestCase_03(Selenium_TestNG_Groups1.java:127)
	at java.util.concurrent.ThreadPoolExecutor.runWorker(ThreadPoolExecutor.java:1142)
	at java.util.concurrent.ThreadPoolExecutor$Worker.run(ThreadPoolExecutor.java:617)
	at java.lang.Thread.run(Thread.java:748)
... Removed 10 stack frames]]>
    </failure>
  </testcase> <!-- wikiPedia_TestCase_03 -->
  <testcase name="wikiPedia_TestCase_05" time="35.435" classname="com.careerit.selenium.testngpack.Selenium_TestNG_Groups1"/>
  <testcase name="wikiPedia_TestCase_04" time="36.417" classname="com.careerit.selenium.testngpack.Selenium_TestNG_Groups1"/>
  <testcase name="wikiPedia_TestCase_01" time="43.156" classname="com.careerit.selenium.testngpack.Selenium_TestNG_Groups1"/>
  <testcase name="wikiPedia_TestCase_02" time="44.947" classname="com.careerit.selenium.testngpack.Selenium_TestNG_Groups1"/>
  <testcase name="secondTestCase" time="0.0" classname="com.careerit.selenium.testngpack.Selenium_TestNG_DependsOnMethods">
    <ignored/>
  </testcase> <!-- secondTestCase -->
  <testcase name="testCase_01" time="0.0" classname="com.careerit.selenium.testngpack.Selenium_TestNG_TestAttributesDemo">
    <ignored/>
  </testcase> <!-- testCase_01 -->
  <testcase name="testCase_02" time="0.0" classname="com.careerit.selenium.testngpack.Selenium_TestNG_TestAttributesDemo">
    <ignored/>
  </testcase> <!-- testCase_02 -->
  <testcase name="wikiTestCase" time="0.0" classname="com.careerit.selenium.testngpack.Selenium_TestNG_DataProviderWiki">
    <ignored/>
  </testcase> <!-- wikiTestCase -->
  <testcase name="testCase_02" time="0.0" classname="com.careerit.selenium.testngpack.Selenium_TestNG_TestPriority">
    <ignored/>
  </testcase> <!-- testCase_02 -->
  <testcase name="firstTestCase" time="0.0" classname="com.careerit.selenium.testngpack.Selenium_TestNG_DependsOnMethods">
    <ignored/>
  </testcase> <!-- firstTestCase -->
  <testcase name="wikiPedia_TestCase_06" time="0.0" classname="com.careerit.selenium.testngpack.Selenium_TestNG_Groups1">
    <ignored/>
  </testcase> <!-- wikiPedia_TestCase_06 -->
  <testcase name="wikiPedia_TestCase_07" time="0.0" classname="com.careerit.selenium.testngpack.Selenium_TestNG_Groups1">
    <ignored/>
  </testcase> <!-- wikiPedia_TestCase_07 -->
  <testcase name="testCase_01" time="0.0" classname="com.careerit.selenium.testngpack.Selenium_TestNG_TestPriority">
    <ignored/>
  </testcase> <!-- testCase_01 -->
  <testcase name="testNGBasicTest" time="0.0" classname="com.careerit.selenium.testngpack.Selenium_TestNG_BasicTest">
    <ignored/>
  </testcase> <!-- testNGBasicTest -->
  <testcase name="shoppoingCartTestCase_03" time="0.0" classname="com.careerit.selenium.testngpack.Selenium_TestNG_AnnotationsDemo2">
    <ignored/>
  </testcase> <!-- shoppoingCartTestCase_03 -->
  <testcase name="shoppoingCartTestCase_04" time="0.0" classname="com.careerit.selenium.testngpack.Selenium_TestNG_AnnotationsDemo2">
    <ignored/>
  </testcase> <!-- shoppoingCartTestCase_04 -->
  <testcase name="shoppoingCartTestCase_05" time="0.0" classname="com.careerit.selenium.testngpack.Selenium_TestNG_AnnotationsDemo2">
    <ignored/>
  </testcase> <!-- shoppoingCartTestCase_05 -->
  <testcase name="testCase_04" time="0.0" classname="com.careerit.selenium.testngpack.Selenium_TestNG_TestPriority">
    <ignored/>
  </testcase> <!-- testCase_04 -->
  <testcase name="testCase_05" time="0.0" classname="com.careerit.selenium.testngpack.Selenium_TestNG_TestAttributesDemo">
    <ignored/>
  </testcase> <!-- testCase_05 -->
  <testcase name="testCase_05" time="0.0" classname="com.careerit.selenium.testngpack.Selenium_TestNG_TestPriority">
    <ignored/>
  </testcase> <!-- testCase_05 -->
  <testcase name="testCase_03" time="0.0" classname="com.careerit.selenium.testngpack.Selenium_TestNG_TestAttributesDemo">
    <ignored/>
  </testcase> <!-- testCase_03 -->
  <testcase name="testCase_03" time="0.0" classname="com.careerit.selenium.testngpack.Selenium_TestNG_TestPriority">
    <ignored/>
  </testcase> <!-- testCase_03 -->
  <testcase name="shoppoingCartTestCase_01" time="0.0" classname="com.careerit.selenium.testngpack.Selenium_TestNG_AnnotationsDemo2">
    <ignored/>
  </testcase> <!-- shoppoingCartTestCase_01 -->
  <testcase name="testCase_04" time="0.0" classname="com.careerit.selenium.testngpack.Selenium_TestNG_TestAttributesDemo">
    <ignored/>
  </testcase> <!-- testCase_04 -->
  <testcase name="shoppoingCartTestCase_02" time="0.0" classname="com.careerit.selenium.testngpack.Selenium_TestNG_AnnotationsDemo2">
    <ignored/>
  </testcase> <!-- shoppoingCartTestCase_02 -->
  <testcase name="checkout_Testcase_05" time="0.0" classname="com.careerit.selenium.testngpack.Selenium_TestNG_AnnotationsDemo1">
    <ignored/>
  </testcase> <!-- checkout_Testcase_05 -->
  <testcase name="wikiTestCase_Excel" time="0.0" classname="com.careerit.selenium.testngpack.Selenium_TestNG_DataProviderWikiExcel">
    <ignored/>
  </testcase> <!-- wikiTestCase_Excel -->
  <testcase name="checkout_Testcase_01" time="0.0" classname="com.careerit.selenium.testngpack.Selenium_TestNG_AnnotationsDemo1">
    <ignored/>
  </testcase> <!-- checkout_Testcase_01 -->
  <testcase name="checkout_Testcase_02" time="0.0" classname="com.careerit.selenium.testngpack.Selenium_TestNG_AnnotationsDemo1">
    <ignored/>
  </testcase> <!-- checkout_Testcase_02 -->
  <testcase name="checkout_Testcase_03" time="0.0" classname="com.careerit.selenium.testngpack.Selenium_TestNG_AnnotationsDemo1">
    <ignored/>
  </testcase> <!-- checkout_Testcase_03 -->
  <testcase name="checkout_Testcase_04" time="0.0" classname="com.careerit.selenium.testngpack.Selenium_TestNG_AnnotationsDemo1">
    <ignored/>
  </testcase> <!-- checkout_Testcase_04 -->
</testsuite> <!-- SeleniumTest -->
